# JRE version: Java(TM) SE Runtime Environment (8.0_161-b12) (build 1.8.0_161-b12)
# Java VM: Java HotSpot(TM) 64-Bit Server VM (25.161-b12 mixed mode linux-amd64 compressed oops)
Heap:
 PSYoungGen      total 192000K, used 3100K [0x00000000eb700000, 0x00000000f7f00000, 0x0000000100000000)
  eden space 179200K, 0% used [0x00000000eb700000,0x00000000eb700000,0x00000000f6600000)
  from space 12800K, 24% used [0x00000000f6600000,0x00000000f6907230,0x00000000f7280000)
  to   space 11776K, 0% used [0x00000000f7300000,0x00000000f7300000,0x00000000f7e80000)
 ParOldGen       total 59392K, used 35099K [0x00000000c2400000, 0x00000000c5e00000, 0x00000000eb700000)
  object space 59392K, 59% used [0x00000000c2400000,0x00000000c4646e78,0x00000000c5e00000)
 Metaspace       used 58255K, capacity 58774K, committed 59096K, reserved 1101824K
  class space    used 7490K, capacity 7653K, committed 7680K, reserved 1048576K
GC Heap History (10 events):
Event: 14.612 GC heap after
Heap after GC invocations=16 (full 2):
 PSYoungGen      total 114688K, used 0K [0x00000000eb700000, 0x00000000f4600000, 0x0000000100000000)
  eden space 102400K, 0% used [0x00000000eb700000,0x00000000eb700000,0x00000000f1b00000)
  from space 12288K, 0% used [0x00000000f2700000,0x00000000f2700000,0x00000000f3300000)
  to   space 12288K, 0% used [0x00000000f1b00000,0x00000000f1b00000,0x00000000f2700000)
 ParOldGen       total 59392K, used 20661K [0x00000000c2400000, 0x00000000c5e00000, 0x00000000eb700000)
  object space 59392K, 34% used [0x00000000c2400000,0x00000000c382d510,0x00000000c5e00000)
 Metaspace       used 34849K, capacity 35192K, committed 35456K, reserved 1081344K
  class space    used 4270K, capacity 4359K, committed 4480K, reserved 1048576K
}
Event: 16.522 GC heap before
{Heap before GC invocations=17 (full 2):
 PSYoungGen      total 114688K, used 102400K [0x00000000eb700000, 0x00000000f4600000, 0x0000000100000000)
  eden space 102400K, 100% used [0x00000000eb700000,0x00000000f1b00000,0x00000000f1b00000)
  from space 12288K, 0% used [0x00000000f2700000,0x00000000f2700000,0x00000000f3300000)
  to   space 12288K, 0% used [0x00000000f1b00000,0x00000000f1b00000,0x00000000f2700000)
 ParOldGen       total 59392K, used 20661K [0x00000000c2400000, 0x00000000c5e00000, 0x00000000eb700000)
  object space 59392K, 34% used [0x00000000c2400000,0x00000000c382d510,0x00000000c5e00000)
 Metaspace       used 40606K, capacity 40990K, committed 41216K, reserved 1085440K
  class space    used 5197K, capacity 5288K, committed 5376K, reserved 1048576K
Event: 16.549 GC heap after
Heap after GC invocations=17 (full 2):
 PSYoungGen      total 114688K, used 6479K [0x00000000eb700000, 0x00000000f5c80000, 0x0000000100000000)
  eden space 102400K, 0% used [0x00000000eb700000,0x00000000eb700000,0x00000000f1b00000)
  from space 12288K, 52% used [0x00000000f1b00000,0x00000000f2153df0,0x00000000f2700000)
  to   space 11776K, 0% used [0x00000000f5100000,0x00000000f5100000,0x00000000f5c80000)
 ParOldGen       total 59392K, used 20661K [0x00000000c2400000, 0x00000000c5e00000, 0x00000000eb700000)
  object space 59392K, 34% used [0x00000000c2400000,0x00000000c382d510,0x00000000c5e00000)
 Metaspace       used 40606K, capacity 40990K, committed 41216K, reserved 1085440K
  class space    used 5197K, capacity 5288K, committed 5376K, reserved 1048576K
}
Event: 19.095 GC heap before
{Heap before GC invocations=18 (full 2):
 PSYoungGen      total 114688K, used 108879K [0x00000000eb700000, 0x00000000f5c80000, 0x0000000100000000)
  eden space 102400K, 100% used [0x00000000eb700000,0x00000000f1b00000,0x00000000f1b00000)
  from space 12288K, 52% used [0x00000000f1b00000,0x00000000f2153df0,0x00000000f2700000)
  to   space 11776K, 0% used [0x00000000f5100000,0x00000000f5100000,0x00000000f5c80000)
 ParOldGen       total 59392K, used 20661K [0x00000000c2400000, 0x00000000c5e00000, 0x00000000eb700000)
  object space 59392K, 34% used [0x00000000c2400000,0x00000000c382d510,0x00000000c5e00000)
 Metaspace       used 45439K, capacity 45828K, committed 46208K, reserved 1089536K
  class space    used 5825K, capacity 5935K, committed 6016K, reserved 1048576K
Event: 19.113 GC heap after
Heap after GC invocations=18 (full 2):
 PSYoungGen      total 151552K, used 6827K [0x00000000eb700000, 0x00000000f5980000, 0x0000000100000000)
  eden space 142848K, 0% used [0x00000000eb700000,0x00000000eb700000,0x00000000f4280000)
  from space 8704K, 78% used [0x00000000f5100000,0x00000000f57aad38,0x00000000f5980000)
  to   space 11776K, 0% used [0x00000000f4280000,0x00000000f4280000,0x00000000f4e00000)
 ParOldGen       total 59392K, used 21981K [0x00000000c2400000, 0x00000000c5e00000, 0x00000000eb700000)
  object space 59392K, 37% used [0x00000000c2400000,0x00000000c3977540,0x00000000c5e00000)
 Metaspace       used 45439K, capacity 45828K, committed 46208K, reserved 1089536K
  class space    used 5825K, capacity 5935K, committed 6016K, reserved 1048576K
}
Event: 21.009 GC heap before
{Heap before GC invocations=19 (full 2):
 PSYoungGen      total 151552K, used 149675K [0x00000000eb700000, 0x00000000f5980000, 0x0000000100000000)
  eden space 142848K, 100% used [0x00000000eb700000,0x00000000f4280000,0x00000000f4280000)
  from space 8704K, 78% used [0x00000000f5100000,0x00000000f57aad38,0x00000000f5980000)
  to   space 11776K, 0% used [0x00000000f4280000,0x00000000f4280000,0x00000000f4e00000)
 ParOldGen       total 59392K, used 21981K [0x00000000c2400000, 0x00000000c5e00000, 0x00000000eb700000)
  object space 59392K, 37% used [0x00000000c2400000,0x00000000c3977540,0x00000000c5e00000)
 Metaspace       used 48257K, capacity 48620K, committed 48896K, reserved 1091584K
  class space    used 6188K, capacity 6299K, committed 6400K, reserved 1048576K
Event: 21.122 GC heap after
Heap after GC invocations=19 (full 2):
 PSYoungGen      total 154624K, used 7511K [0x00000000eb700000, 0x00000000f7e80000, 0x0000000100000000)
  eden space 142848K, 0% used [0x00000000eb700000,0x00000000eb700000,0x00000000f4280000)
  from space 11776K, 63% used [0x00000000f4280000,0x00000000f49d5c08,0x00000000f4e00000)
  to   space 11776K, 0% used [0x00000000f7300000,0x00000000f7300000,0x00000000f7e80000)
 ParOldGen       total 59392K, used 24747K [0x00000000c2400000, 0x00000000c5e00000, 0x00000000eb700000)
  object space 59392K, 41% used [0x00000000c2400000,0x00000000c3c2ae70,0x00000000c5e00000)
 Metaspace       used 48257K, capacity 48620K, committed 48896K, reserved 1091584K
  class space    used 6188K, capacity 6299K, committed 6400K, reserved 1048576K
}
Event: 23.093 GC heap before
{Heap before GC invocations=20 (full 2):
 PSYoungGen      total 154624K, used 150359K [0x00000000eb700000, 0x00000000f7e80000, 0x0000000100000000)
  eden space 142848K, 100% used [0x00000000eb700000,0x00000000f4280000,0x00000000f4280000)
  from space 11776K, 63% used [0x00000000f4280000,0x00000000f49d5c08,0x00000000f4e00000)
  to   space 11776K, 0% used [0x00000000f7300000,0x00000000f7300000,0x00000000f7e80000)
 ParOldGen       total 59392K, used 24747K [0x00000000c2400000, 0x00000000c5e00000, 0x00000000eb700000)
  object space 59392K, 41% used [0x00000000c2400000,0x00000000c3c2ae70,0x00000000c5e00000)
 Metaspace       used 55240K, capacity 55732K, committed 56192K, reserved 1097728K
  class space    used 7136K, capacity 7290K, committed 7296K, reserved 1048576K
Event: 23.141 GC heap after
Heap after GC invocations=20 (full 2):
 PSYoungGen      total 190976K, used 10395K [0x00000000eb700000, 0x00000000f7f00000, 0x0000000100000000)
  eden space 179200K, 0% used [0x00000000eb700000,0x00000000eb700000,0x00000000f6600000)
  from space 11776K, 88% used [0x00000000f7300000,0x00000000f7d26dd8,0x00000000f7e80000)
  to   space 12800K, 0% used [0x00000000f6600000,0x00000000f6600000,0x00000000f7280000)
 ParOldGen       total 59392K, used 29767K [0x00000000c2400000, 0x00000000c5e00000, 0x00000000eb700000)
  object space 59392K, 50% used [0x00000000c2400000,0x00000000c4111ea0,0x00000000c5e00000)
 Metaspace       used 55240K, capacity 55732K, committed 56192K, reserved 1097728K
  class space    used 7136K, capacity 7290K, committed 7296K, reserved 1048576K
}
Event: 3048.934 GC heap before
{Heap before GC invocations=21 (full 2):
 PSYoungGen      total 190976K, used 75278K [0x00000000eb700000, 0x00000000f7f00000, 0x0000000100000000)
  eden space 179200K, 36% used [0x00000000eb700000,0x00000000ef65ccd8,0x00000000f6600000)
  from space 11776K, 88% used [0x00000000f7300000,0x00000000f7d26dd8,0x00000000f7e80000)
  to   space 12800K, 0% used [0x00000000f6600000,0x00000000f6600000,0x00000000f7280000)
 ParOldGen       total 59392K, used 29767K [0x00000000c2400000, 0x00000000c5e00000, 0x00000000eb700000)
  object space 59392K, 50% used [0x00000000c2400000,0x00000000c4111ea0,0x00000000c5e00000)
 Metaspace       used 58255K, capacity 58774K, committed 59096K, reserved 1101824K
  class space    used 7490K, capacity 7653K, committed 7680K, reserved 1048576K

